0 info it worked if it ends with ok
1 verbose cli [ '/usr/local/bin/node',
1 verbose cli   '/usr/local/bin/npm',
1 verbose cli   'install',
1 verbose cli   '-g',
1 verbose cli   'ios-deploy' ]
2 info using npm@2.14.7
3 info using node@v4.2.1
4 verbose install initial load of /usr/local/lib/package.json
5 verbose readDependencies loading dependencies from /usr/local/lib/package.json
6 silly cache add args [ 'ios-deploy', null ]
7 verbose cache add spec ios-deploy
8 silly cache add parsed spec Result {
8 silly cache add   raw: 'ios-deploy',
8 silly cache add   scope: null,
8 silly cache add   name: 'ios-deploy',
8 silly cache add   rawSpec: '',
8 silly cache add   spec: '*',
8 silly cache add   type: 'range' }
9 silly addNamed ios-deploy@*
10 verbose addNamed "*" is a valid semver range for ios-deploy
11 silly addNameRange { name: 'ios-deploy', range: '*', hasData: false }
12 silly mapToRegistry name ios-deploy
13 silly mapToRegistry using default registry
14 silly mapToRegistry registry https://registry.npmjs.org/
15 silly mapToRegistry uri https://registry.npmjs.org/ios-deploy
16 verbose addNameRange registry:https://registry.npmjs.org/ios-deploy not in flight; fetching
17 verbose request uri https://registry.npmjs.org/ios-deploy
18 verbose request no auth needed
19 info attempt registry request try #1 at 20:37:05
20 verbose request id 10837416c1772c9d
21 http request GET https://registry.npmjs.org/ios-deploy
22 http 200 https://registry.npmjs.org/ios-deploy
23 verbose headers { server: 'CouchDB/1.5.0 (Erlang OTP/R16B03)',
23 verbose headers   etag: '"3IX4O2OE32NR3B9J47NYJRHYU"',
23 verbose headers   'content-type': 'application/json',
23 verbose headers   'cache-control': 'max-age=300',
23 verbose headers   'content-length': '35616',
23 verbose headers   'accept-ranges': 'bytes',
23 verbose headers   date: 'Thu, 04 Feb 2016 19:37:06 GMT',
23 verbose headers   via: '1.1 varnish',
23 verbose headers   age: '0',
23 verbose headers   connection: 'keep-alive',
23 verbose headers   'x-served-by': 'cache-ams4126-AMS',
23 verbose headers   'x-cache': 'MISS',
23 verbose headers   'x-cache-hits': '0',
23 verbose headers   'x-timer': 'S1454614626.809746,VS0,VE98',
23 verbose headers   vary: 'Accept' }
24 silly get cb [ 200,
24 silly get   { server: 'CouchDB/1.5.0 (Erlang OTP/R16B03)',
24 silly get     etag: '"3IX4O2OE32NR3B9J47NYJRHYU"',
24 silly get     'content-type': 'application/json',
24 silly get     'cache-control': 'max-age=300',
24 silly get     'content-length': '35616',
24 silly get     'accept-ranges': 'bytes',
24 silly get     date: 'Thu, 04 Feb 2016 19:37:06 GMT',
24 silly get     via: '1.1 varnish',
24 silly get     age: '0',
24 silly get     connection: 'keep-alive',
24 silly get     'x-served-by': 'cache-ams4126-AMS',
24 silly get     'x-cache': 'MISS',
24 silly get     'x-cache-hits': '0',
24 silly get     'x-timer': 'S1454614626.809746,VS0,VE98',
24 silly get     vary: 'Accept' } ]
25 verbose get saving ios-deploy to /Users/Antoine/.npm/registry.npmjs.org/ios-deploy/.cache.json
26 silly addNameRange number 2 { name: 'ios-deploy', range: '*', hasData: true }
27 silly addNameRange versions [ 'ios-deploy',
27 silly addNameRange   [ '1.0.1',
27 silly addNameRange     '1.0.2',
27 silly addNameRange     '1.0.3',
27 silly addNameRange     '1.0.4',
27 silly addNameRange     '1.0.5',
27 silly addNameRange     '1.0.6',
27 silly addNameRange     '1.0.7',
27 silly addNameRange     '1.0.8',
27 silly addNameRange     '1.0.9',
27 silly addNameRange     '1.1.0',
27 silly addNameRange     '1.2.0',
27 silly addNameRange     '1.3.0',
27 silly addNameRange     '1.3.1',
27 silly addNameRange     '1.3.2',
27 silly addNameRange     '1.4.0',
27 silly addNameRange     '1.5.0',
27 silly addNameRange     '1.6.0',
27 silly addNameRange     '1.6.1',
27 silly addNameRange     '1.6.2',
27 silly addNameRange     '1.6.3',
27 silly addNameRange     '1.7.0',
27 silly addNameRange     '1.8.0',
27 silly addNameRange     '1.8.1',
27 silly addNameRange     '1.8.2',
27 silly addNameRange     '1.8.3',
27 silly addNameRange     '1.8.4',
27 silly addNameRange     '1.8.5' ] ]
28 silly addNamed ios-deploy@1.8.5
29 verbose addNamed "1.8.5" is a plain semver version for ios-deploy
30 silly mapToRegistry name ios-deploy
31 silly mapToRegistry using default registry
32 silly mapToRegistry registry https://registry.npmjs.org/
33 silly mapToRegistry uri https://registry.npmjs.org/ios-deploy
34 verbose addRemoteTarball https://registry.npmjs.org/ios-deploy/-/ios-deploy-1.8.5.tgz not in flight; adding
35 verbose addRemoteTarball [ 'https://registry.npmjs.org/ios-deploy/-/ios-deploy-1.8.5.tgz',
35 verbose addRemoteTarball   '0b68ea29bf23a53981c7d09238cf12ca74aa1dba' ]
36 info retry fetch attempt 1 at 20:37:05
37 info attempt registry request try #1 at 20:37:05
38 http fetch GET https://registry.npmjs.org/ios-deploy/-/ios-deploy-1.8.5.tgz
39 http fetch 200 https://registry.npmjs.org/ios-deploy/-/ios-deploy-1.8.5.tgz
40 silly fetchAndShaCheck shasum 0b68ea29bf23a53981c7d09238cf12ca74aa1dba
41 verbose addTmpTarball /tmp/npm-50109-fbd34e79/registry.npmjs.org/ios-deploy/-/ios-deploy-1.8.5.tgz not in flight; adding
42 verbose addTmpTarball already have metadata; skipping unpack for ios-deploy@1.8.5
43 silly cache afterAdd ios-deploy@1.8.5
44 verbose afterAdd /Users/Antoine/.npm/ios-deploy/1.8.5/package/package.json not in flight; writing
45 verbose afterAdd /Users/Antoine/.npm/ios-deploy/1.8.5/package/package.json written
46 silly install resolved [ { name: 'ios-deploy',
46 silly install resolved     version: '1.8.5',
46 silly install resolved     os: [ 'darwin' ],
46 silly install resolved     description: 'launch iOS apps iOS devices from the command line (Xcode 7)',
46 silly install resolved     main: 'ios-deploy',
46 silly install resolved     scripts:
46 silly install resolved      { preinstall: './src/scripts/check_reqs.js && xcodebuild',
46 silly install resolved        test: 'npm run pycompile && npm run jshint && xcodebuild -target ios-deploy-lib && xcodebuild test -scheme ios-deploy-tests',
46 silly install resolved        jshint: 'node node_modules/jshint/bin/jshint src/scripts/*.js',
46 silly install resolved        pycompile: 'python -m py_compile src/scripts/*.py' },
46 silly install resolved     bin: { 'ios-deploy': './build/Release/ios-deploy' },
46 silly install resolved     repository:
46 silly install resolved      { type: 'git',
46 silly install resolved        url: 'git+https://github.com/phonegap/ios-deploy.git' },
46 silly install resolved     devDependencies: { jshint: '2.5.8' },
46 silly install resolved     keywords: [ 'ios-deploy', 'deploy to iOS device' ],
46 silly install resolved     bugs: { url: 'https://github.com/phonegap/ios-deploy/issues' },
46 silly install resolved     author: { name: 'Greg Hughes' },
46 silly install resolved     license: 'GPLv3',
46 silly install resolved     gitHead: 'c4cd7b4a555723731a8912ec02f4adeb0af6ded2',
46 silly install resolved     homepage: 'https://github.com/phonegap/ios-deploy#readme',
46 silly install resolved     _id: 'ios-deploy@1.8.5',
46 silly install resolved     _shasum: '0b68ea29bf23a53981c7d09238cf12ca74aa1dba',
46 silly install resolved     _from: 'ios-deploy@*',
46 silly install resolved     _npmVersion: '2.11.3',
46 silly install resolved     _nodeVersion: '0.12.7',
46 silly install resolved     _npmUser: { name: 'shazron', email: 'shazron@gmail.com' },
46 silly install resolved     dist:
46 silly install resolved      { shasum: '0b68ea29bf23a53981c7d09238cf12ca74aa1dba',
46 silly install resolved        tarball: 'http://registry.npmjs.org/ios-deploy/-/ios-deploy-1.8.5.tgz' },
46 silly install resolved     maintainers: [ [Object], [Object], [Object] ],
46 silly install resolved     _npmOperationalInternal:
46 silly install resolved      { host: 'packages-6-west.internal.npmjs.com',
46 silly install resolved        tmp: 'tmp/ios-deploy-1.8.5.tgz_1454607982930_0.32560620410367846' },
46 silly install resolved     directories: {},
46 silly install resolved     _resolved: 'https://registry.npmjs.org/ios-deploy/-/ios-deploy-1.8.5.tgz' } ]
47 info install ios-deploy@1.8.5 into /usr/local/lib
48 info installOne ios-deploy@1.8.5
49 verbose installOne of ios-deploy to /usr/local/lib not in flight; installing
50 verbose lock using /Users/Antoine/.npm/_locks/ios-deploy-198957223cd98201.lock for /usr/local/lib/node_modules/ios-deploy
51 silly install write writing ios-deploy 1.8.5 to /usr/local/lib/node_modules/ios-deploy
52 verbose unbuild lib/node_modules/ios-deploy
53 silly gentlyRm /usr/local/lib/node_modules/ios-deploy is being purged from base /usr/local
54 verbose gentlyRm don't care about contents; nuking /usr/local/lib/node_modules/ios-deploy
55 verbose tar unpack /Users/Antoine/.npm/ios-deploy/1.8.5/package.tgz
56 verbose tar unpacking to /usr/local/lib/node_modules/ios-deploy
57 silly gentlyRm /usr/local/lib/node_modules/ios-deploy is being purged
58 verbose gentlyRm don't care about contents; nuking /usr/local/lib/node_modules/ios-deploy
59 silly gunzTarPerm modes [ '755', '644' ]
60 silly gunzTarPerm extractEntry package.json
61 silly gunzTarPerm extractEntry .npmignore
62 silly gunzTarPerm extractEntry README.md
63 silly gunzTarPerm extractEntry LICENSE
64 silly gunzTarPerm extractEntry CONTRIBUTING.md
65 silly gunzTarPerm extractEntry demo/.npmignore
66 silly gunzTarPerm extractEntry demo/Entitlements.plist
67 silly gunzTarPerm extractEntry demo/Info.plist
68 silly gunzTarPerm extractEntry demo/Makefile
69 silly gunzTarPerm extractEntry demo/ResourceRules.plist
70 silly gunzTarPerm extractEntry demo/demo.c
71 silly gunzTarPerm extractEntry ios-deploy.xcodeproj/project.pbxproj
72 silly gunzTarPerm extractEntry ios-deploy.xcodeproj/xcshareddata/xcschemes/ios-deploy-tests.xcscheme
73 silly gunzTarPerm extractEntry src/ios-deploy/MobileDevice.h
74 silly gunzTarPerm extractEntry src/ios-deploy/errors.h
75 silly gunzTarPerm extractEntry src/ios-deploy/ios-deploy.m
76 silly gunzTarPerm extractEntry src/ios-deploy/lldb.py.h
77 silly gunzTarPerm extractEntry src/ios-deploy/version.h
78 silly gunzTarPerm extractEntry src/ios-deploy-lib/libios_deploy.h
79 silly gunzTarPerm extractEntry src/ios-deploy-lib/libios_deploy.m
80 silly gunzTarPerm extractEntry src/ios-deploy-tests/Info.plist
81 silly gunzTarPerm extractEntry src/ios-deploy-tests/ios_deploy_tests.m
82 silly gunzTarPerm extractEntry src/scripts/check_reqs.js
83 silly gunzTarPerm extractEntry src/scripts/lldb.py
84 silly gunzTarPerm extractEntry src/scripts/lldb.pyc
85 verbose write writing to /usr/local/lib/node_modules/ios-deploy/package.json
86 info preinstall ios-deploy@1.8.5
87 verbose unsafe-perm in lifecycle false
88 info ios-deploy@1.8.5 Failed to exec preinstall script
89 verbose unlock done using /Users/Antoine/.npm/_locks/ios-deploy-198957223cd98201.lock for /usr/local/lib/node_modules/ios-deploy
90 verbose stack Error: ios-deploy@1.8.5 preinstall: `./src/scripts/check_reqs.js && xcodebuild`
90 verbose stack Exit status 134
90 verbose stack     at EventEmitter.<anonymous> (/usr/local/lib/node_modules/npm/lib/utils/lifecycle.js:214:16)
90 verbose stack     at emitTwo (events.js:87:13)
90 verbose stack     at EventEmitter.emit (events.js:172:7)
90 verbose stack     at ChildProcess.<anonymous> (/usr/local/lib/node_modules/npm/lib/utils/spawn.js:24:14)
90 verbose stack     at emitTwo (events.js:87:13)
90 verbose stack     at ChildProcess.emit (events.js:172:7)
90 verbose stack     at maybeClose (internal/child_process.js:818:16)
90 verbose stack     at Process.ChildProcess._handle.onexit (internal/child_process.js:211:5)
91 verbose pkgid ios-deploy@1.8.5
92 verbose cwd /Users/Antoine/Desktop/1/AO2_150204
93 error Darwin 15.3.0
94 error argv "/usr/local/bin/node" "/usr/local/bin/npm" "install" "-g" "ios-deploy"
95 error node v4.2.1
96 error npm  v2.14.7
97 error code ELIFECYCLE
98 error ios-deploy@1.8.5 preinstall: `./src/scripts/check_reqs.js && xcodebuild`
98 error Exit status 134
99 error Failed at the ios-deploy@1.8.5 preinstall script './src/scripts/check_reqs.js && xcodebuild'.
99 error This is most likely a problem with the ios-deploy package,
99 error not with npm itself.
99 error Tell the author that this fails on your system:
99 error     ./src/scripts/check_reqs.js && xcodebuild
99 error You can get their info via:
99 error     npm owner ls ios-deploy
99 error There is likely additional logging output above.
100 verbose exit [ 1, true ]
101 verbose unbuild lib/node_modules/ios-deploy
102 info preuninstall ios-deploy@1.8.5
103 info uninstall ios-deploy@1.8.5
104 verbose unbuild rmStuff ios-deploy@1.8.5 from /usr/local/lib/node_modules
105 silly gentlyRm /usr/local/bin/ios-deploy is being gently removed
106 silly gentlyRm verifying /usr/local is an npm working directory
107 silly gentlyRm containing path /usr/local is under npm's control, in /usr/local
108 silly gentlyRm deletion target /usr/local/bin/ios-deploy is under /usr/local
109 verbose gentlyRm vacuuming from /usr/local/bin/ios-deploy up to /usr/local
110 info postuninstall ios-deploy@1.8.5
111 silly gentlyRm /usr/local/lib/node_modules/ios-deploy is being purged from base /usr/local
112 verbose gentlyRm don't care about contents; nuking /usr/local/lib/node_modules/ios-deploy
113 silly vacuum-fs purging /usr/local/lib/node_modules/ios-deploy
114 silly vacuum-fs quitting because other entries in /usr/local/lib/node_modules
